Mon, 20 Jan 2020 12:02:45 GMT - Info - Server is running on port: 3030
Mon, 20 Jan 2020 19:33:33 GMT - Info - Server is running on port: 3030
Mon, 20 Jan 2020 19:38:48 GMT - Info - Server is running on port: 3030
Tue, 21 Jan 2020 19:55:06 GMT - Info - Server is running on port: 3030
Tue, 21 Jan 2020 19:57:55 GMT - Debug - auth.service - login with email: kerryjm2020@gmail.com
Tue, 21 Jan 2020 20:01:11 GMT - Debug - auth.service - login with email: kerryjm2020@gmail.com
Tue, 21 Jan 2020 20:01:17 GMT - Debug - auth.service - login with email: kerryjm2020@gmail.com
Tue, 21 Jan 2020 20:07:45 GMT - Info - Server is running on port: 3030
Tue, 21 Jan 2020 20:12:00 GMT - Info - Server is running on port: 3030
Tue, 21 Jan 2020 20:14:51 GMT - Debug - auth.service - login with email: kerryjm2020@gmail.com
Tue, 21 Jan 2020 20:14:58 GMT - Debug - auth.service - login with email: kerryjm2020@gmail.com
Tue, 21 Jan 2020 20:21:33 GMT - Info - Server is running on port: 3030
Tue, 21 Jan 2020 20:22:31 GMT - Info - Server is running on port: 3030
Tue, 21 Jan 2020 20:23:33 GMT - Info - Server is running on port: 3030
Tue, 21 Jan 2020 20:25:05 GMT - Debug - auth.service - login with email: kerryjm2020@gmail.com
Tue, 21 Jan 2020 20:26:18 GMT - Debug - auth.service - login with email: kerryjm2020@gmail.com
Tue, 21 Jan 2020 20:28:00 GMT - Info - Server is running on port: 3030
Tue, 21 Jan 2020 20:28:09 GMT - Debug - auth.service - login with email: kerryjm2020@gmail.com
Tue, 21 Jan 2020 20:28:26 GMT - Debug - auth.service - login with email: kerryjm2020@gmail.com
Tue, 21 Jan 2020 20:32:51 GMT - Debug - auth.service - login with email: kerryjm2020@gmail.com
Wed, 22 Jan 2020 07:38:14 GMT - Info - Server is running on port: 3030
Wed, 22 Jan 2020 07:38:37 GMT - Debug - auth.service - login with email: kerryjm2020@gmail.com
Wed, 22 Jan 2020 07:38:39 GMT - Debug - auth.service - login with email: kerryjm2020@gmail.com
Wed, 22 Jan 2020 07:57:36 GMT - Info - Server is running on port: 3030
Wed, 22 Jan 2020 08:02:44 GMT - Debug - auth.service - login with email: kerryjm2020@gmail.com
Wed, 22 Jan 2020 08:02:47 GMT - Debug - auth.service - login with email: kerryjm2020@gmail.com
Wed, 22 Jan 2020 08:05:41 GMT - Debug - auth.service - login with email: kerryjm2020@gmail.com
Wed, 22 Jan 2020 08:05:44 GMT - Debug - auth.service - login with email: kerryjm2020@gmail.com
Wed, 22 Jan 2020 08:05:58 GMT - Debug - auth.service - login with email: kerryjm2020@gmail.com
Wed, 22 Jan 2020 08:06:01 GMT - Debug - auth.service - login with email: kerryjm2020@gmail.com
Wed, 22 Jan 2020 08:08:38 GMT - Debug - auth.service - login with email: kerryjm2020@gmail.com
Wed, 22 Jan 2020 08:08:42 GMT - Debug - auth.service - login with email: kerryjm2020@gmail.com
Wed, 22 Jan 2020 08:08:49 GMT - Debug - auth.service - login with email: kerryjm2020@gmail.com
Wed, 22 Jan 2020 08:08:52 GMT - Debug - auth.service - login with email: kerryjm2020@gmail.com
Wed, 22 Jan 2020 09:03:19 GMT - Debug - auth.service - login with email: kerryjm2020@gmail.com
Wed, 22 Jan 2020 09:03:46 GMT - Debug - auth.service - login with email: kerryjm2020@gmail.com
Wed, 22 Jan 2020 09:10:14 GMT - Debug - auth.service - login with email: kerryjm2020@gmail.com
Wed, 22 Jan 2020 09:17:44 GMT - Debug - auth.service - login with email: kerryjm2020@gmail.com
Wed, 22 Jan 2020 09:17:54 GMT - Debug - auth.service - login with email: kerryjm2020@gmail.com
Wed, 22 Jan 2020 09:27:55 GMT - Debug - auth.service - login with email: kerryjm2020@gmail.com
Wed, 22 Jan 2020 09:37:37 GMT - Debug - auth.service - login with email: kerryjm2020@gmail.com
Wed, 22 Jan 2020 09:40:23 GMT - Debug - auth.service - login with email: kerryjm2020@gmail.com
Wed, 22 Jan 2020 09:42:26 GMT - Debug - auth.service - login with email: kerryjm2020@gmail.com
Wed, 22 Jan 2020 09:42:38 GMT - Debug - auth.service - login with email: kerryjm2020@gmail.com
Wed, 22 Jan 2020 10:31:34 GMT - Debug - auth.service - login with email: kerryjm2020@gmail.com
Wed, 22 Jan 2020 10:31:51 GMT - Debug - auth.service - login with email: kerryjm2020@gmail.com
Wed, 22 Jan 2020 11:06:38 GMT - Debug - auth.service - login with email: kerryjm2020@gmail.com
Wed, 22 Jan 2020 11:06:55 GMT - Debug - auth.service - login with email: kerryjm2020@gmail.com
Wed, 22 Jan 2020 11:17:17 GMT - Debug - auth.service - login with email: kerryjm2020@gmail.com
Wed, 22 Jan 2020 11:20:42 GMT - Debug - auth.service - login with email: kerryjm2020@gmail.com
Wed, 22 Jan 2020 11:21:11 GMT - Debug - auth.service - login with email: kerryjm2020@gmail.com
Wed, 22 Jan 2020 11:21:29 GMT - Debug - auth.service - login with email: kerryjm2020@gmail.com
Wed, 22 Jan 2020 11:23:05 GMT - Debug - auth.service - login with email: kerryjm2020@gmail.com
Wed, 22 Jan 2020 11:23:12 GMT - Debug - auth.service - login with email: kerryjm2020@gmail.com
Wed, 22 Jan 2020 11:25:24 GMT - Debug - auth.service - login with email: kerryjm2020@gmail.com
Wed, 22 Jan 2020 11:30:54 GMT - Debug - auth.service - login with email: kerryjm2020@gmail.com
Wed, 22 Jan 2020 12:04:49 GMT - Debug - auth.service - login with email: kerryjm2020@gmail.com
Wed, 22 Jan 2020 12:05:17 GMT - Debug - auth.service - login with email: kerryjm2020@gmail.com
Wed, 22 Jan 2020 12:10:12 GMT - Debug - auth.service - login with email: kerryjm2020@gmail.com
Wed, 22 Jan 2020 12:18:50 GMT - Debug - auth.service - login with email: kerryjm2020@gmail.com
Wed, 22 Jan 2020 12:19:33 GMT - Debug - auth.service - login with email: kerryjm2020@gmail.com
Wed, 22 Jan 2020 12:33:17 GMT - Debug - auth.service - login with email: kerryjm2020@gmail.com
Wed, 22 Jan 2020 12:51:01 GMT - Debug - auth.service - login with email: kerryjm2020@gmail.com
Wed, 22 Jan 2020 13:10:01 GMT - Debug - auth.service - login with email: kerryjm2020@gmail.com
Wed, 22 Jan 2020 13:37:07 GMT - Debug - auth.service - login with email: kerryjm2020@gmail.com
Wed, 22 Jan 2020 14:33:33 GMT - Debug - auth.service - login with email: kerryjm2020@gmail.com
Wed, 22 Jan 2020 14:39:43 GMT - Debug - auth.service - login with email: kerryjm2020@gmail.com
Wed, 22 Jan 2020 14:40:27 GMT - Debug - auth.service - login with email: kerryjm2020@gmail.com
Wed, 22 Jan 2020 16:49:51 GMT - Debug - auth.service - login with email: kerryjm2020@gmail.com
Wed, 22 Jan 2020 16:50:42 GMT - Debug - auth.service - login with email: kerryjm2020@gmail.com
Wed, 22 Jan 2020 17:04:27 GMT - Debug - auth.service - login with email: kerryjm2020@gmail.com
Wed, 22 Jan 2020 17:05:17 GMT - Debug - auth.service - login with email: kerryjm2020@gmail.com
Wed, 22 Jan 2020 17:05:49 GMT - Debug - auth.service - login with email: kerryjm2020@gmail.com
Wed, 22 Jan 2020 17:05:57 GMT - Debug - auth.service - login with email: kerryjm2020@gmail.com
Wed, 22 Jan 2020 17:06:02 GMT - Debug - auth.service - login with email: kerryjm2020@gmail.com
Wed, 22 Jan 2020 17:06:09 GMT - Debug - auth.service - login with email: kerryjm2020@gmail.com
Wed, 22 Jan 2020 17:08:31 GMT - Debug - auth.service - login with email: kerryjm2020@gmail.com
Wed, 22 Jan 2020 17:09:01 GMT - Debug - auth.service - login with email: kerryjm2020@gmail.com
Wed, 22 Jan 2020 17:09:38 GMT - Debug - auth.service - login with email: kerryjm2020@gmail.com
Wed, 22 Jan 2020 17:12:20 GMT - Debug - auth.service - login with email: kerryjm2020@gmail.com
Wed, 22 Jan 2020 17:20:12 GMT - Debug - auth.service - login with email: kerryjm2020@gmail.com
Wed, 22 Jan 2020 17:20:21 GMT - Debug - auth.service - login with email: kerryjm2020@gmail.com
Wed, 22 Jan 2020 17:21:13 GMT - Debug - auth.service - login with email: kerryjm2020@gmail.com
Wed, 22 Jan 2020 17:21:32 GMT - Debug - auth.service - login with email: kerryjm2020@gmail.com
Wed, 22 Jan 2020 17:21:42 GMT - Debug - auth.service - login with email: kerryjm2020@gmail.com
Wed, 22 Jan 2020 17:24:22 GMT - Debug - auth.service - login with email: kerryjm2020@gmail.com
Wed, 22 Jan 2020 17:31:56 GMT - Debug - auth.service - login with email: kerryjm2020@gmail.com
Wed, 22 Jan 2020 17:34:54 GMT - Debug - auth.service - login with email: kerryjm2020@gmail.com
Wed, 22 Jan 2020 17:45:37 GMT - Debug - auth.service - login with email: kerryjm2020@gmail.com
Wed, 22 Jan 2020 17:46:11 GMT - Debug - auth.service - login with email: kerryjm2020@gmail.com
Wed, 22 Jan 2020 17:46:20 GMT - Debug - auth.service - login with email: kerryjm2020@gmail.com
Wed, 22 Jan 2020 17:46:52 GMT - Debug - auth.service - login with email: kerryjm2020@gmail.com
Wed, 22 Jan 2020 18:46:57 GMT - Debug - auth.service - login with email: kerryjm2020@gmail.com
Wed, 22 Jan 2020 18:47:55 GMT - Debug - auth.service - login with email: kerryjm2020@gmail.com
Wed, 22 Jan 2020 19:40:12 GMT - Debug - auth.service - login with email: kerryjm2020@gmail.com
Wed, 22 Jan 2020 19:40:52 GMT - Debug - auth.service - login with email: kerryjm2020@gmail.com
Wed, 22 Jan 2020 19:42:15 GMT - Debug - auth.service - login with email: kerryjm2020@gmail.com
Wed, 22 Jan 2020 19:42:38 GMT - Debug - auth.service - login with email: kerryjm2020@gmail.com
Wed, 22 Jan 2020 19:53:25 GMT - Debug - auth.service - login with email: kerryjm2020@gmail.com
Wed, 22 Jan 2020 19:53:33 GMT - Debug - auth.service - login with email: kerryjm2020@gmail.com
Wed, 22 Jan 2020 19:55:02 GMT - Debug - auth.service - login with email: kerryjm2020@gmail.com
Wed, 22 Jan 2020 20:08:08 GMT - Debug - auth.service - login with email: kerryjm2020@gmail.com
Wed, 22 Jan 2020 20:20:47 GMT - Debug - auth.service - login with email: kerryjm2020@gmail.com
Thu, 23 Jan 2020 07:17:26 GMT - Debug - auth.service - login with email: kerryjm2020@gmail.com
Thu, 23 Jan 2020 07:43:53 GMT - Debug - auth.service - login with email: kerryjm2020@gmail.com
Thu, 23 Jan 2020 07:48:25 GMT - Debug - auth.service - login with email: kerryjm2020@gmail.com
Thu, 23 Jan 2020 07:49:04 GMT - Debug - auth.service - login with email: kerryjm2020@gmail.com
Thu, 23 Jan 2020 07:49:48 GMT - Debug - auth.service - login with email: kerryjm2020@gmail.com
Thu, 23 Jan 2020 07:51:00 GMT - Debug - auth.service - login with email: kerryjm2020@gmail.com
Thu, 23 Jan 2020 07:58:23 GMT - Debug - auth.service - login with email: kerryjm2020@gmail.com
Thu, 23 Jan 2020 08:17:23 GMT - Debug - auth.service - login with email: kerryjm2020@gmail.com
Thu, 23 Jan 2020 08:29:45 GMT - Debug - auth.service - login with email: kerryjm2020@gmail.com
Thu, 23 Jan 2020 08:35:23 GMT - Debug - auth.service - login with email: kerryjm2020@gmail.com
Thu, 23 Jan 2020 08:38:13 GMT - Debug - auth.service - login with email: kerryjm2020@gmail.com
Thu, 23 Jan 2020 08:38:20 GMT - Debug - auth.service - login with email: kerryjm2020@gmail.com
Thu, 23 Jan 2020 08:46:50 GMT - Debug - auth.service - login with email: kerryjm2020@gmail.com
Thu, 23 Jan 2020 08:50:21 GMT - Debug - auth.service - login with email: kerryjm2020@gmail.com
Thu, 23 Jan 2020 08:52:55 GMT - Debug - auth.service - login with email: kerryjm2020@gmail.com
Thu, 23 Jan 2020 08:52:58 GMT - Debug - auth.service - login with email: kerryjm2020@gmail.com
Thu, 23 Jan 2020 08:55:53 GMT - Debug - auth.service - login with email: kerryjm2020@gmail.com
Thu, 23 Jan 2020 08:56:11 GMT - Debug - auth.service - login with email: kerryjm2020@gmail.com
Thu, 23 Jan 2020 09:00:04 GMT - Debug - auth.service - login with email: kerryjm2020@gmail.com
Thu, 23 Jan 2020 09:01:18 GMT - Debug - auth.service - login with email: kerryjm2020@gmail.com
Thu, 23 Jan 2020 09:03:59 GMT - Debug - auth.service - login with email: kerryjm2020@gmail.com
Thu, 23 Jan 2020 09:05:05 GMT - Debug - auth.service - login with email: kerryjm2020@gmail.com
Thu, 23 Jan 2020 09:08:12 GMT - Debug - auth.service - login with email: kerryjm2020@gmail.com
Thu, 23 Jan 2020 09:39:29 GMT - Debug - auth.service - login with email: kerryjm2020@gmail.com
Thu, 23 Jan 2020 09:41:07 GMT - Debug - auth.service - login with email: kerryjm2020@gmail.com
Thu, 23 Jan 2020 09:47:04 GMT - Debug - auth.service - login with email: kerryjm2020@gmail.com
Thu, 23 Jan 2020 09:48:46 GMT - Debug - auth.service - login with email: kerryjm2020@gmail.com
Thu, 23 Jan 2020 09:53:33 GMT - Debug - auth.service - login with email: kerryjm2020@gmail.com
Thu, 23 Jan 2020 09:54:08 GMT - Debug - auth.service - login with email: kerryjm2020@gmail.com
Thu, 23 Jan 2020 09:55:08 GMT - Debug - auth.service - login with email: kerryjm2020@gmail.com
Thu, 23 Jan 2020 09:55:20 GMT - Debug - auth.service - login with email: kerryjm2020@gmail.com
Thu, 23 Jan 2020 09:57:37 GMT - Debug - auth.service - login with email: kerryjm2020@gmail.com
Thu, 23 Jan 2020 09:58:20 GMT - Debug - auth.service - login with email: kerryjm2020@gmail.com
Thu, 23 Jan 2020 10:02:20 GMT - Debug - auth.service - login with email: kerryjm2020@gmail.com
Thu, 23 Jan 2020 10:07:10 GMT - Debug - auth.service - login with email: kerryjm2020@gmail.com
Thu, 23 Jan 2020 10:16:19 GMT - Debug - auth.service - login with email: kerryjm2020@gmail.com
Thu, 23 Jan 2020 10:17:22 GMT - Debug - auth.service - login with email: kerryjm2020@gmail.com
Thu, 23 Jan 2020 10:19:05 GMT - Debug - auth.service - login with email: kerryjm2020@gmail.com
Thu, 23 Jan 2020 10:19:48 GMT - Debug - auth.service - login with email: kerryjm2020@gmail.com
Thu, 23 Jan 2020 10:27:20 GMT - Debug - auth.service - login with email: kerryjm2020@gmail.com
Thu, 23 Jan 2020 10:27:22 GMT - Debug - auth.service - login with email: kerryjm2020@gmail.com
Thu, 23 Jan 2020 10:28:20 GMT - Debug - auth.service - login with email: kerryjm2020@gmail.com
Thu, 23 Jan 2020 10:30:59 GMT - Debug - auth.service - login with email: kerryjm2020@gmail.com
Thu, 23 Jan 2020 10:32:22 GMT - Debug - auth.service - login with email: kerryjm2020@gmail.com
Thu, 23 Jan 2020 10:34:18 GMT - Debug - auth.service - login with email: kerryjm2020@gmail.com
Thu, 23 Jan 2020 10:34:25 GMT - Debug - auth.service - login with email: kerryjm2020@gmail.com
Thu, 23 Jan 2020 10:34:43 GMT - Debug - auth.service - login with email: kerryjm2020@gmail.com
Thu, 23 Jan 2020 10:34:54 GMT - Debug - auth.service - login with email: kerryjm2020@gmail.com
Thu, 23 Jan 2020 10:36:13 GMT - Debug - auth.service - login with email: kerryjm2020@gmail.com
Thu, 23 Jan 2020 10:36:51 GMT - Debug - auth.service - login with email: kerryjm2020@gmail.com
Thu, 23 Jan 2020 10:42:12 GMT - Debug - auth.service - login with email: kerryjm2020@gmail.com
Thu, 23 Jan 2020 10:42:52 GMT - Debug - auth.service - login with email: kerryjm2020@gmail.com
Thu, 23 Jan 2020 10:58:27 GMT - Debug - auth.service - login with email: kerryjm2020@gmail.com
Thu, 23 Jan 2020 11:00:22 GMT - Debug - auth.service - login with email: kerryjm2020@gmail.com
Thu, 23 Jan 2020 11:01:03 GMT - Debug - auth.service - login with email: kerryjm2020@gmail.com
Thu, 23 Jan 2020 11:02:55 GMT - Debug - auth.service - login with email: kerryjm2020@gmail.com
Thu, 23 Jan 2020 11:12:26 GMT - Debug - auth.service - login with email: kerryjm2020@gmail.com
Thu, 23 Jan 2020 11:29:06 GMT - Debug - auth.service - login with email: kerryjm2020@gmail.com
Thu, 23 Jan 2020 11:30:08 GMT - Debug - auth.service - login with email: kerryjm2020@gmail.com
Thu, 23 Jan 2020 12:31:27 GMT - Debug - auth.service - login with email: kerryjm2020@gmail.com
Thu, 23 Jan 2020 12:43:59 GMT - Debug - auth.service - login with email: kerryjm2020@gmail.com
Thu, 23 Jan 2020 12:51:57 GMT - Debug - auth.service - login with email: kerryjm2020@gmail.com
Thu, 23 Jan 2020 12:54:46 GMT - Debug - auth.service - login with email: kerryjm2020@gmail.com
Thu, 23 Jan 2020 12:56:38 GMT - Debug - auth.service - login with email: kerryjm2020@gmail.com
Thu, 23 Jan 2020 12:58:12 GMT - Debug - auth.service - login with email: kerryjm2020@gmail.com
Sun, 02 Feb 2020 07:32:49 GMT - Info - Server is running on port: 3030
Sun, 02 Feb 2020 07:47:11 GMT - Debug - auth.service - login with email: jean@jean.com
Sun, 02 Feb 2020 07:53:44 GMT - Info - Server is running on port: 3030
Thu, 06 Feb 2020 16:13:19 GMT - Debug - auth.service - login with email: jean@jean.com
Thu, 06 Feb 2020 16:17:47 GMT - Info - Server is running on port: 3030
